[2026-07-02 17:16:44] local.ERROR: Writing to directory /Users/t/.config/psysh is not allowed. {"exception":"[object] (ErrorException(code: 0): Writing to directory /Users/t/.config/psysh is not allowed. at /Users/t/Desktop/escalas-aad/vendor/psy/psysh/src/ConfigPaths.php:456)
[stacktrace]
#0 /Users/t/Desktop/escalas-aad/vendor/laravel/framework/src/Illuminate/Foundation/Bootstrap/HandleExceptions.php(262): Illuminate\\Foundation\\Bootstrap\\HandleExceptions->handleError(1024, 'Writing to dire...', '/Users/t/Deskto...', 456)
#1 [internal function]: Illuminate\\Foundation\\Bootstrap\\HandleExceptions->{closure:Illuminate\\Foundation\\Bootstrap\\HandleExceptions::forwardsTo():261}(1024, 'Writing to dire...', '/Users/t/Deskto...', 456)
#2 /Users/t/Desktop/escalas-aad/vendor/psy/psysh/src/ConfigPaths.php(456): trigger_error('Writing to dire...', 1024)
#3 /Users/t/Desktop/escalas-aad/vendor/psy/psysh/src/ConfigPaths.php(485): Psy\\ConfigPaths::ensureDir('/Users/t/.confi...')
#4 /Users/t/Desktop/escalas-aad/vendor/psy/psysh/src/Configuration.php(1068): Psy\\ConfigPaths::touchFileWithMkdir('/Users/t/.confi...')
#5 /Users/t/Desktop/escalas-aad/vendor/psy/psysh/src/Configuration.php(1108): Psy\\Configuration->setHistoryFile('/Users/t/.confi...')
#6 /Users/t/Desktop/escalas-aad/vendor/psy/psysh/src/Configuration.php(1285): Psy\\Configuration->getHistoryFile()
#7 /Users/t/Desktop/escalas-aad/vendor/psy/psysh/src/Shell.php(192): Psy\\Configuration->getReadline()
#8 /Users/t/Desktop/escalas-aad/vendor/psy/psysh/src/Shell.php(2213): Psy\\Shell->boot()
#9 /Users/t/Desktop/escalas-aad/vendor/laravel/tinker/src/Console/TinkerCommand.php(77): Psy\\Shell->execute('echo 'orgs='.Ap...')
#10 /Users/t/Desktop/escalas-aad/vendor/laravel/framework/src/Illuminate/Container/BoundMethod.php(36): Laravel\\Tinker\\Console\\TinkerCommand->handle()
#11 /Users/t/Desktop/escalas-aad/vendor/laravel/framework/src/Illuminate/Container/Util.php(43): Illuminate\\Container\\BoundMethod::{closure:Illuminate\\Container\\BoundMethod::call():35}()
#12 /Users/t/Desktop/escalas-aad/vendor/laravel/framework/src/Illuminate/Container/BoundMethod.php(96): Illuminate\\Container\\Util::unwrapIfClosure(Object(Closure))
#13 /Users/t/Desktop/escalas-aad/vendor/laravel/framework/src/Illuminate/Container/BoundMethod.php(35): Illuminate\\Container\\BoundMethod::callBoundMethod(Object(Illuminate\\Foundation\\Application), Array, Object(Closure))
#14 /Users/t/Desktop/escalas-aad/vendor/laravel/framework/src/Illuminate/Container/Container.php(799): Illuminate\\Container\\BoundMethod::call(Object(Illuminate\\Foundation\\Application), Array, Array, NULL)
#15 /Users/t/Desktop/escalas-aad/vendor/laravel/framework/src/Illuminate/Console/Command.php(211): Illuminate\\Container\\Container->call(Array)
#16 /Users/t/Desktop/escalas-aad/vendor/symfony/console/Command/Command.php(341): Illuminate\\Console\\Command->execute(Object(Symfony\\Component\\Console\\Input\\ArgvInput), Object(Illuminate\\Console\\OutputStyle))
#17 /Users/t/Desktop/escalas-aad/vendor/laravel/framework/src/Illuminate/Console/Command.php(180): Symfony\\Component\\Console\\Command\\Command->run(Object(Symfony\\Component\\Console\\Input\\ArgvInput), Object(Illuminate\\Console\\OutputStyle))
#18 /Users/t/Desktop/escalas-aad/vendor/symfony/console/Application.php(1117): Illuminate\\Console\\Command->run(Object(Symfony\\Component\\Console\\Input\\ArgvInput), Object(Symfony\\Component\\Console\\Output\\ConsoleOutput))
#19 /Users/t/Desktop/escalas-aad/vendor/symfony/console/Application.php(356): Symfony\\Component\\Console\\Application->doRunCommand(Object(Laravel\\Tinker\\Console\\TinkerCommand), Object(Symfony\\Component\\Console\\Input\\ArgvInput), Object(Symfony\\Component\\Console\\Output\\ConsoleOutput))
#20 /Users/t/Desktop/escalas-aad/vendor/symfony/console/Application.php(195): Symfony\\Component\\Console\\Application->doRun(Object(Symfony\\Component\\Console\\Input\\ArgvInput), Object(Symfony\\Component\\Console\\Output\\ConsoleOutput))
#21 /Users/t/Desktop/escalas-aad/vendor/laravel/framework/src/Illuminate/Foundation/Console/Kernel.php(198): Symfony\\Component\\Console\\Application->run(Object(Symfony\\Component\\Console\\Input\\ArgvInput), Object(Symfony\\Component\\Console\\Output\\ConsoleOutput))
#22 /Users/t/Desktop/escalas-aad/vendor/laravel/framework/src/Illuminate/Foundation/Application.php(1235): Illuminate\\Foundation\\Console\\Kernel->handle(Object(Symfony\\Component\\Console\\Input\\ArgvInput), Object(Symfony\\Component\\Console\\Output\\ConsoleOutput))
#23 /Users/t/Desktop/escalas-aad/artisan(13): Illuminate\\Foundation\\Application->handleCommand(Object(Symfony\\Component\\Console\\Input\\ArgvInput))
#24 {main}
"} 
[2026-07-02 17:16:52] local.ERROR: Writing to directory /Users/t/.config/psysh is not allowed. {"exception":"[object] (ErrorException(code: 0): Writing to directory /Users/t/.config/psysh is not allowed. at /Users/t/Desktop/escalas-aad/vendor/psy/psysh/src/ConfigPaths.php:456)
[stacktrace]
#0 /Users/t/Desktop/escalas-aad/vendor/laravel/framework/src/Illuminate/Foundation/Bootstrap/HandleExceptions.php(262): Illuminate\\Foundation\\Bootstrap\\HandleExceptions->handleError(1024, 'Writing to dire...', '/Users/t/Deskto...', 456)
#1 [internal function]: Illuminate\\Foundation\\Bootstrap\\HandleExceptions->{closure:Illuminate\\Foundation\\Bootstrap\\HandleExceptions::forwardsTo():261}(1024, 'Writing to dire...', '/Users/t/Deskto...', 456)
#2 /Users/t/Desktop/escalas-aad/vendor/psy/psysh/src/ConfigPaths.php(456): trigger_error('Writing to dire...', 1024)
#3 /Users/t/Desktop/escalas-aad/vendor/psy/psysh/src/ConfigPaths.php(485): Psy\\ConfigPaths::ensureDir('/Users/t/.confi...')
#4 /Users/t/Desktop/escalas-aad/vendor/psy/psysh/src/Configuration.php(1068): Psy\\ConfigPaths::touchFileWithMkdir('/Users/t/.confi...')
#5 /Users/t/Desktop/escalas-aad/vendor/psy/psysh/src/Configuration.php(1108): Psy\\Configuration->setHistoryFile('/Users/t/.confi...')
#6 /Users/t/Desktop/escalas-aad/vendor/psy/psysh/src/Configuration.php(1285): Psy\\Configuration->getHistoryFile()
#7 /Users/t/Desktop/escalas-aad/vendor/psy/psysh/src/Shell.php(192): Psy\\Configuration->getReadline()
#8 /Users/t/Desktop/escalas-aad/vendor/psy/psysh/src/Shell.php(2213): Psy\\Shell->boot()
#9 /Users/t/Desktop/escalas-aad/vendor/laravel/tinker/src/Console/TinkerCommand.php(77): Psy\\Shell->execute('echo 'orgs='.Ap...')
#10 /Users/t/Desktop/escalas-aad/vendor/laravel/framework/src/Illuminate/Container/BoundMethod.php(36): Laravel\\Tinker\\Console\\TinkerCommand->handle()
#11 /Users/t/Desktop/escalas-aad/vendor/laravel/framework/src/Illuminate/Container/Util.php(43): Illuminate\\Container\\BoundMethod::{closure:Illuminate\\Container\\BoundMethod::call():35}()
#12 /Users/t/Desktop/escalas-aad/vendor/laravel/framework/src/Illuminate/Container/BoundMethod.php(96): Illuminate\\Container\\Util::unwrapIfClosure(Object(Closure))
#13 /Users/t/Desktop/escalas-aad/vendor/laravel/framework/src/Illuminate/Container/BoundMethod.php(35): Illuminate\\Container\\BoundMethod::callBoundMethod(Object(Illuminate\\Foundation\\Application), Array, Object(Closure))
#14 /Users/t/Desktop/escalas-aad/vendor/laravel/framework/src/Illuminate/Container/Container.php(799): Illuminate\\Container\\BoundMethod::call(Object(Illuminate\\Foundation\\Application), Array, Array, NULL)
#15 /Users/t/Desktop/escalas-aad/vendor/laravel/framework/src/Illuminate/Console/Command.php(211): Illuminate\\Container\\Container->call(Array)
#16 /Users/t/Desktop/escalas-aad/vendor/symfony/console/Command/Command.php(341): Illuminate\\Console\\Command->execute(Object(Symfony\\Component\\Console\\Input\\ArgvInput), Object(Illuminate\\Console\\OutputStyle))
#17 /Users/t/Desktop/escalas-aad/vendor/laravel/framework/src/Illuminate/Console/Command.php(180): Symfony\\Component\\Console\\Command\\Command->run(Object(Symfony\\Component\\Console\\Input\\ArgvInput), Object(Illuminate\\Console\\OutputStyle))
#18 /Users/t/Desktop/escalas-aad/vendor/symfony/console/Application.php(1117): Illuminate\\Console\\Command->run(Object(Symfony\\Component\\Console\\Input\\ArgvInput), Object(Symfony\\Component\\Console\\Output\\ConsoleOutput))
#19 /Users/t/Desktop/escalas-aad/vendor/symfony/console/Application.php(356): Symfony\\Component\\Console\\Application->doRunCommand(Object(Laravel\\Tinker\\Console\\TinkerCommand), Object(Symfony\\Component\\Console\\Input\\ArgvInput), Object(Symfony\\Component\\Console\\Output\\ConsoleOutput))
#20 /Users/t/Desktop/escalas-aad/vendor/symfony/console/Application.php(195): Symfony\\Component\\Console\\Application->doRun(Object(Symfony\\Component\\Console\\Input\\ArgvInput), Object(Symfony\\Component\\Console\\Output\\ConsoleOutput))
#21 /Users/t/Desktop/escalas-aad/vendor/laravel/framework/src/Illuminate/Foundation/Console/Kernel.php(198): Symfony\\Component\\Console\\Application->run(Object(Symfony\\Component\\Console\\Input\\ArgvInput), Object(Symfony\\Component\\Console\\Output\\ConsoleOutput))
#22 /Users/t/Desktop/escalas-aad/vendor/laravel/framework/src/Illuminate/Foundation/Application.php(1235): Illuminate\\Foundation\\Console\\Kernel->handle(Object(Symfony\\Component\\Console\\Input\\ArgvInput), Object(Symfony\\Component\\Console\\Output\\ConsoleOutput))
#23 /Users/t/Desktop/escalas-aad/artisan(13): Illuminate\\Foundation\\Application->handleCommand(Object(Symfony\\Component\\Console\\Input\\ArgvInput))
#24 {main}
"} 
